f:\viusal studio document\qt_process\远控开发\第三节_客户端网络搭建\zeroserver\x64\debug\vc142.pdb
f:\viusal studio document\qt_process\远控开发\第三节_客户端网络搭建\zeroserver\x64\debug\vc142.idb
f:\viusal studio document\qt_process\远控开发\第三节_客户端网络搭建\zeroserver\x64\debug\qrc_zeroserver.obj
f:\viusal studio document\qt_process\远控开发\第三节_客户端网络搭建\zeroserver\x64\debug\tcpserver.obj
f:\viusal studio document\qt_process\远控开发\第三节_客户端网络搭建\zeroserver\x64\debug\main.obj
f:\viusal studio document\qt_process\远控开发\第三节_客户端网络搭建\zeroserver\x64\debug\zeroserver.obj
f:\viusal studio document\qt_process\远控开发\第三节_客户端网络搭建\zeroserver\x64\debug\zeroclient.obj
f:\viusal studio document\qt_process\远控开发\第三节_客户端网络搭建\zeroserver\x64\debug\m_window.obj
f:\viusal studio document\qt_process\远控开发\第三节_客户端网络搭建\zeroserver\x64\debug\tcpsocket.obj
f:\viusal studio document\qt_process\远控开发\第三节_客户端网络搭建\zeroserver\x64\debug\moc_zeroserver.obj
f:\viusal studio document\qt_process\远控开发\第三节_客户端网络搭建\zeroserver\x64\debug\moc_tcpserver.obj
f:\viusal studio document\qt_process\远控开发\第三节_客户端网络搭建\zeroserver\x64\debug\moc_tcpsocket.obj
f:\viusal studio document\qt_process\远控开发\第三节_客户端网络搭建\zeroserver\x64\debug\moc_m_window.obj
f:\viusal studio document\qt_process\远控开发\第三节_客户端网络搭建\zeroserver\x64\debug\moc_zeroclient.obj
f:\viusal studio document\qt_process\远控开发\第四节_弹框等简单交互\zeroserver\x64\debug\tcpsocket.obj
f:\viusal studio document\qt_process\远控开发\第四节_弹框等简单交互\zeroserver\x64\debug\m_window.obj
f:\viusal studio document\qt_process\远控开发\第四节_弹框等简单交互\zeroserver\x64\debug\main.obj
f:\viusal studio document\qt_process\远控开发\第四节_弹框等简单交互\zeroserver\x64\debug\zeroserver.obj
f:\viusal studio document\qt_process\远控开发\第四节_弹框等简单交互\zeroserver\x64\debug\zeroclient.obj
f:\viusal studio document\qt_process\远控开发\第四节_弹框等简单交互\zeroserver\x64\debug\tcpserver.obj
f:\viusal studio document\qt_process\远控开发\第四节_弹框等简单交互\zeroserver\x64\debug\vc142.pdb
f:\viusal studio document\qt_process\远控开发\第四节_弹框等简单交互\zeroserver\x64\debug\vc142.idb
f:\viusal studio document\qt_process\远控开发\第四节_弹框等简单交互\zeroserver\x64\debug\qrc_zeroserver.obj
f:\viusal studio document\qt_process\远控开发\第四节_弹框等简单交互\zeroserver\x64\debug\moc_zeroclient.obj
f:\viusal studio document\qt_process\远控开发\第四节_弹框等简单交互\zeroserver\x64\debug\moc_tcpserver.obj
f:\viusal studio document\qt_process\远控开发\第四节_弹框等简单交互\zeroserver\x64\debug\moc_m_window.obj
f:\viusal studio document\qt_process\远控开发\第四节_弹框等简单交互\zeroserver\x64\debug\moc_zeroserver.obj
f:\viusal studio document\qt_process\远控开发\第四节_弹框等简单交互\zeroserver\x64\debug\moc_tcpsocket.obj
f:\viusal studio document\qt_process\远控开发\第三节_客户端网络搭建\zeroserver\x64\debug\zeroserver.ilk
f:\viusal studio document\qt_process\远控开发\第三节_客户端网络搭建\zeroserver\x64\debug\zeroserver.exe
f:\viusal studio document\qt_process\远控开发\第三节_客户端网络搭建\zeroserver\x64\debug\zeroserver.pdb
f:\viusal studio document\qt_process\远控开发\第四节_弹框等简单交互\zeroserver\x64\debug\zeroserver.exe
f:\viusal studio document\qt_process\远控开发\第四节_弹框等简单交互\zeroserver\x64\debug\zeroserver.ilk
f:\viusal studio document\qt_process\远控开发\第四节_弹框等简单交互\zeroserver\x64\debug\zeroserver.pdb
f:\viusal studio document\qt_process\远控开发\第三节_客户端网络搭建\zeroserver\x64\debug\qt\moc\moc_zeroserver.cpp
f:\viusal studio document\qt_process\远控开发\第三节_客户端网络搭建\zeroserver\x64\debug\qt\moc\moc_zeroclient.cpp
f:\viusal studio document\qt_process\远控开发\第三节_客户端网络搭建\zeroserver\x64\debug\qt\moc\moc_tcpserver.cpp
f:\viusal studio document\qt_process\远控开发\第三节_客户端网络搭建\zeroserver\x64\debug\qt\moc\moc_tcpsocket.cpp
f:\viusal studio document\qt_process\远控开发\第三节_客户端网络搭建\zeroserver\x64\debug\qt\moc\moc_m_window.cpp
f:\viusal studio document\qt_process\远控开发\第三节_客户端网络搭建\zeroserver\x64\debug\qt\rcc\qrc_zeroserver.cpp
f:\viusal studio document\qt_process\远控开发\第四节_弹框等简单交互\zeroserver\x64\debug\qt\rcc\qrc_zeroserver.cpp
f:\viusal studio document\qt_process\远控开发\第四节_弹框等简单交互\zeroserver\x64\debug\qt\moc\moc_zeroserver.cpp
f:\viusal studio document\qt_process\远控开发\第四节_弹框等简单交互\zeroserver\x64\debug\qt\moc\moc_zeroclient.cpp
f:\viusal studio document\qt_process\远控开发\第四节_弹框等简单交互\zeroserver\x64\debug\qt\moc\moc_tcpserver.cpp
f:\viusal studio document\qt_process\远控开发\第四节_弹框等简单交互\zeroserver\x64\debug\qt\moc\moc_tcpsocket.cpp
f:\viusal studio document\qt_process\远控开发\第四节_弹框等简单交互\zeroserver\x64\debug\qt\moc\moc_m_window.cpp
f:\viusal studio document\qt_process\远控开发\第四节_弹框等简单交互\zeroserver\x64\debug\zeroserver.tlog\cl.command.1.tlog
f:\viusal studio document\qt_process\远控开发\第四节_弹框等简单交互\zeroserver\x64\debug\zeroserver.tlog\cl.read.1.tlog
f:\viusal studio document\qt_process\远控开发\第四节_弹框等简单交互\zeroserver\x64\debug\zeroserver.tlog\cl.write.1.tlog
f:\viusal studio document\qt_process\远控开发\第四节_弹框等简单交互\zeroserver\x64\debug\zeroserver.tlog\link.command.1.tlog
f:\viusal studio document\qt_process\远控开发\第四节_弹框等简单交互\zeroserver\x64\debug\zeroserver.tlog\link.read.1.tlog
f:\viusal studio document\qt_process\远控开发\第四节_弹框等简单交互\zeroserver\x64\debug\zeroserver.tlog\link.write.1.tlog
f:\viusal studio document\qt_process\远控开发\第四节_弹框等简单交互\zeroserver\x64\debug\zeroserver.tlog\moc.read.1u.tlog
f:\viusal studio document\qt_process\远控开发\第四节_弹框等简单交互\zeroserver\x64\debug\zeroserver.tlog\moc.write.1u.tlog
f:\viusal studio document\qt_process\远控开发\第四节_弹框等简单交互\zeroserver\x64\debug\zeroserver.tlog\rcc.read.1u.tlog
f:\viusal studio document\qt_process\远控开发\第四节_弹框等简单交互\zeroserver\x64\debug\zeroserver.tlog\rcc.write.1u.tlog
f:\viusal studio document\qt_process\远控开发\第四节_弹框等简单交互\zeroserver\x64\debug\zeroserver.tlog\zeroserver.write.1u.tlog
