f:\viusal studio document\qt_process\远控开发\第三节_客户端网络搭建\victim\x64\debug\vc142.pdb
f:\viusal studio document\qt_process\远控开发\第三节_客户端网络搭建\victim\x64\debug\vc142.idb
f:\viusal studio document\qt_process\远控开发\第三节_客户端网络搭建\victim\x64\debug\main.obj
f:\viusal studio document\qt_process\远控开发\第三节_客户端网络搭建\victim\x64\debug\zeroclient.obj
f:\viusal studio document\qt_process\远控开发\第三节_客户端网络搭建\victim\x64\debug\tcpsocket.obj
f:\viusal studio document\qt_process\远控开发\第三节_客户端网络搭建\victim\x64\debug\victim.pdb
f:\viusal studio document\qt_process\远控开发\第三节_客户端网络搭建\victim\x64\debug\victim.tlog\cl.command.1.tlog
f:\viusal studio document\qt_process\远控开发\第三节_客户端网络搭建\victim\x64\debug\victim.tlog\cl.read.1.tlog
f:\viusal studio document\qt_process\远控开发\第三节_客户端网络搭建\victim\x64\debug\victim.tlog\cl.write.1.tlog
f:\viusal studio document\qt_process\远控开发\第三节_客户端网络搭建\victim\x64\debug\victim.tlog\link-cvtres.read.1.tlog
f:\viusal studio document\qt_process\远控开发\第三节_客户端网络搭建\victim\x64\debug\victim.tlog\link-cvtres.write.1.tlog
f:\viusal studio document\qt_process\远控开发\第三节_客户端网络搭建\victim\x64\debug\victim.tlog\link-rc.read.1.tlog
f:\viusal studio document\qt_process\远控开发\第三节_客户端网络搭建\victim\x64\debug\victim.tlog\link-rc.write.1.tlog
f:\viusal studio document\qt_process\远控开发\第三节_客户端网络搭建\victim\x64\debug\victim.tlog\link.34712-cvtres.read.1.tlog
f:\viusal studio document\qt_process\远控开发\第三节_客户端网络搭建\victim\x64\debug\victim.tlog\link.34712-cvtres.write.1.tlog
f:\viusal studio document\qt_process\远控开发\第三节_客户端网络搭建\victim\x64\debug\victim.tlog\link.34712-rc.read.1.tlog
f:\viusal studio document\qt_process\远控开发\第三节_客户端网络搭建\victim\x64\debug\victim.tlog\link.34712-rc.write.1.tlog
f:\viusal studio document\qt_process\远控开发\第三节_客户端网络搭建\victim\x64\debug\victim.tlog\link.34712.read.1.tlog
f:\viusal studio document\qt_process\远控开发\第三节_客户端网络搭建\victim\x64\debug\victim.tlog\link.34712.write.1.tlog
f:\viusal studio document\qt_process\远控开发\第三节_客户端网络搭建\victim\x64\debug\victim.tlog\link.command.1.tlog
f:\viusal studio document\qt_process\远控开发\第三节_客户端网络搭建\victim\x64\debug\victim.tlog\link.read.1.tlog
f:\viusal studio document\qt_process\远控开发\第三节_客户端网络搭建\victim\x64\debug\victim.tlog\link.write.1.tlog
