f:\viusal studio document\qt_process\远控开发\server\x64\debug\vc142.pdb
f:\viusal studio document\qt_process\远控开发\server\x64\debug\vc142.idb
f:\viusal studio document\qt_process\远控开发\server\x64\debug\qrc_server.obj
f:\viusal studio document\qt_process\远控开发\server\x64\debug\main.obj
f:\viusal studio document\qt_process\远控开发\server\x64\debug\server.obj
f:\viusal studio document\qt_process\远控开发\server\x64\debug\moc_server.obj
f:\viusal studio document\qt_process\远控开发\server\x64\debug\server.exe
f:\viusal studio document\qt_process\远控开发\server\x64\debug\server.ilk
f:\viusal studio document\qt_process\远控开发\server\x64\debug\server.pdb
f:\viusal studio document\qt_process\远控开发\server\x64\debug\qt\moc\moc_server.cpp
f:\viusal studio document\qt_process\远控开发\server\x64\debug\qt\rcc\qrc_server.cpp
f:\viusal studio document\qt_process\远控开发\server\x64\debug\qt\uic\ui_server.h
f:\viusal studio document\qt_process\远控开发\server\x64\debug\server.tlog\cl.command.1.tlog
f:\viusal studio document\qt_process\远控开发\server\x64\debug\server.tlog\cl.read.1.tlog
f:\viusal studio document\qt_process\远控开发\server\x64\debug\server.tlog\cl.write.1.tlog
f:\viusal studio document\qt_process\远控开发\server\x64\debug\server.tlog\link.command.1.tlog
f:\viusal studio document\qt_process\远控开发\server\x64\debug\server.tlog\link.read.1.tlog
f:\viusal studio document\qt_process\远控开发\server\x64\debug\server.tlog\link.write.1.tlog
f:\viusal studio document\qt_process\远控开发\server\x64\debug\server.tlog\moc.read.1u.tlog
f:\viusal studio document\qt_process\远控开发\server\x64\debug\server.tlog\moc.write.1u.tlog
f:\viusal studio document\qt_process\远控开发\server\x64\debug\server.tlog\rcc.read.1u.tlog
f:\viusal studio document\qt_process\远控开发\server\x64\debug\server.tlog\rcc.write.1u.tlog
f:\viusal studio document\qt_process\远控开发\server\x64\debug\server.tlog\server.write.1u.tlog
f:\viusal studio document\qt_process\远控开发\server\x64\debug\server.tlog\uic.read.1u.tlog
f:\viusal studio document\qt_process\远控开发\server\x64\debug\server.tlog\uic.write.1u.tlog
